2015-11-23 22:12:28,812 [main] INFO  org.eclipse.jetty.util.log - Logging initialized @1636333ms
2015-11-23 22:12:29,077 [main] INFO  org.eclipse.jetty.server.Server - jetty-9.2.13.v20150730
2015-11-23 22:12:29,182 [main] INFO  o.e.j.server.handler.ContextHandler - Started o.e.j.s.ServletContextHandler@3f8373cb{/wse,null,AVAILABLE}
2015-11-23 22:12:29,222 [main] INFO  o.e.jetty.server.ServerConnector - Started ServerConnector@286587aa{HTTP/1.1}{0.0.0.0:65053}
2015-11-23 22:12:29,223 [main] INFO  org.eclipse.jetty.server.Server - Started @1636752ms
2015-11-23 22:12:57,734 [qtp1824204534-160] WARN  o.e.jetty.servlet.ServletHandler - 
org.apache.jasper.JasperException: java.lang.NullPointerException
	at org.apache.jasper.servlet.JspServletWrapper.service(JspServletWrapper.java:432) ~[na:na]
	at org.apache.jasper.servlet.JspServlet.serviceJspFile(JspServlet.java:492) ~[na:na]
	at org.apache.jasper.servlet.JspServlet.service(JspServlet.java:378) ~[na:na]
	at javax.servlet.http.HttpServlet.service(HttpServlet.java:790) ~[javax.servlet_3.1.0.v201410161800.jar:3.1.0]
	at org.eclipse.equinox.jsp.jasper.JspServlet.service(JspServlet.java:155) ~[na:na]
	at javax.servlet.http.HttpServlet.service(HttpServlet.java:790) ~[javax.servlet_3.1.0.v201410161800.jar:3.1.0]
	at org.eclipse.equinox.http.registry.internal.ServletManager$ServletWrapper.service(ServletManager.java:180) ~[na:na]
	at org.eclipse.equinox.http.servlet.internal.HttpServiceRuntimeImpl$LegacyServlet.service(HttpServiceRuntimeImpl.java:1232) ~[na:na]
	at org.eclipse.equinox.http.servlet.internal.registration.EndpointRegistration.service(EndpointRegistration.java:153) ~[na:na]
	at org.eclipse.equinox.http.servlet.internal.servlet.ResponseStateHandler.processRequest(ResponseStateHandler.java:63) ~[na:na]
	at org.eclipse.equinox.http.servlet.internal.context.DispatchTargets.doDispatch(DispatchTargets.java:98) ~[na:na]
	at org.eclipse.equinox.http.servlet.internal.HttpServiceRuntimeImpl.doDispatch(HttpServiceRuntimeImpl.java:372) ~[na:na]
	at org.eclipse.equinox.http.servlet.internal.servlet.ProxyServlet.service(ProxyServlet.java:70) ~[na:na]
	at javax.servlet.http.HttpServlet.service(HttpServlet.java:790) ~[javax.servlet_3.1.0.v201410161800.jar:3.1.0]
	at org.eclipse.equinox.http.jetty.internal.HttpServerManager$InternalHttpServiceServlet.service(HttpServerManager.java:357) ~[org.eclipse.equinox.http.jetty_3.1.1.v20150818-2108.jar:na]
	at org.eclipse.jetty.servlet.ServletHolder.handle(ServletHolder.java:808) ~[org.eclipse.jetty.servlet_9.2.13.v20150730.jar:9.2.13.v20150730]
	at org.eclipse.jetty.servlet.ServletHandler.doHandle(ServletHandler.java:587) [org.eclipse.jetty.servlet_9.2.13.v20150730.jar:9.2.13.v20150730]
	at org.eclipse.jetty.server.session.SessionHandler.doHandle(SessionHandler.java:221) [org.eclipse.jetty.server_9.2.13.v20150730.jar:9.2.13.v20150730]
	at org.eclipse.jetty.server.handler.ContextHandler.doHandle(ContextHandler.java:1127) [org.eclipse.jetty.server_9.2.13.v20150730.jar:9.2.13.v20150730]
	at org.eclipse.jetty.servlet.ServletHandler.doScope(ServletHandler.java:515) [org.eclipse.jetty.servlet_9.2.13.v20150730.jar:9.2.13.v20150730]
	at org.eclipse.jetty.server.session.SessionHandler.doScope(SessionHandler.java:185) [org.eclipse.jetty.server_9.2.13.v20150730.jar:9.2.13.v20150730]
	at org.eclipse.jetty.server.handler.ContextHandler.doScope(ContextHandler.java:1061) [org.eclipse.jetty.server_9.2.13.v20150730.jar:9.2.13.v20150730]
	at org.eclipse.jetty.server.handler.ScopedHandler.handle(ScopedHandler.java:141) [org.eclipse.jetty.server_9.2.13.v20150730.jar:9.2.13.v20150730]
	at org.eclipse.jetty.server.handler.HandlerWrapper.handle(HandlerWrapper.java:97) [org.eclipse.jetty.server_9.2.13.v20150730.jar:9.2.13.v20150730]
	at org.eclipse.jetty.server.Server.handle(Server.java:499) [org.eclipse.jetty.server_9.2.13.v20150730.jar:9.2.13.v20150730]
	at org.eclipse.jetty.server.HttpChannel.handle(HttpChannel.java:310) [org.eclipse.jetty.server_9.2.13.v20150730.jar:9.2.13.v20150730]
	at org.eclipse.jetty.server.HttpConnection.onFillable(HttpConnection.java:257) [org.eclipse.jetty.server_9.2.13.v20150730.jar:9.2.13.v20150730]
	at org.eclipse.jetty.io.AbstractConnection$2.run(AbstractConnection.java:540) [org.eclipse.jetty.io_9.2.13.v20150730.jar:9.2.13.v20150730]
	at org.eclipse.jetty.util.thread.QueuedThreadPool.runJob(QueuedThreadPool.java:635) [org.eclipse.jetty.util_9.2.13.v20150730.jar:9.2.13.v20150730]
	at org.eclipse.jetty.util.thread.QueuedThreadPool$3.run(QueuedThreadPool.java:555) [org.eclipse.jetty.util_9.2.13.v20150730.jar:9.2.13.v20150730]
	at java.lang.Thread.run(Unknown Source) [na:1.7.0_75]
Caused by: java.lang.NullPointerException: null
	at org.eclipse.wst.ws.internal.explorer.platform.uddi.actions.SwitchPerspectiveFromUDDIAction.run(SwitchPerspectiveFromUDDIAction.java:49) ~[na:na]
	at org.eclipse.wst.ws.internal.explorer.platform.engine.ActionEngine.executeAction(ActionEngine.java:221) ~[na:na]
	at org.eclipse.wst.ws.internal.explorer.platform.actions.Action.execute(Action.java:111) ~[na:na]
	at org.eclipse.wst.ws.internal.explorer.platform.actions.Action.execute(Action.java:105) ~[na:na]
	at org.apache.jsp.uddi.actions.SwitchPerspectiveFromUDDIActionJSP_jsp._jspService(org.apache.jsp.uddi.actions.SwitchPerspectiveFromUDDIActionJSP_jsp:78) ~[na:na]
	at org.apache.jasper.runtime.HttpJspBase.service(HttpJspBase.java:111) ~[na:na]
	at javax.servlet.http.HttpServlet.service(HttpServlet.java:790) ~[javax.servlet_3.1.0.v201410161800.jar:3.1.0]
	at org.apache.jasper.servlet.JspServletWrapper.service(JspServletWrapper.java:403) ~[na:na]
	... 30 common frames omitted
2015-11-23 22:15:03,943 [Framework stop] INFO  o.e.jetty.server.ServerConnector - Stopped ServerConnector@286587aa{HTTP/1.1}{0.0.0.0:0}
2015-11-23 22:15:04,107 [Framework stop] INFO  o.e.j.server.handler.ContextHandler - Stopped o.e.j.s.ServletContextHandler@3f8373cb{/wse,null,UNAVAILABLE}
